INFO:root:Summarizing chunk 1/187
INFO:root:Summarizing chunk 2/187
ERROR:root:Error summarizing chunk 2: index out of range in self
INFO:root:Summarizing chunk 3/187
ERROR:root:Error summarizing chunk 3: index out of range in self
INFO:root:Summarizing chunk 4/187
ERROR:root:Error summarizing chunk 4: index out of range in self
INFO:root:Summarizing chunk 5/187
ERROR:root:Error summarizing chunk 5: index out of range in self
INFO:root:Summarizing chunk 6/187
ERROR:root:Error summarizing chunk 6: index out of range in self
INFO:root:Summarizing chunk 7/187
ERROR:root:Error summarizing chunk 7: index out of range in self
INFO:root:Summarizing chunk 8/187
ERROR:root:Error summarizing chunk 8: index out of range in self
INFO:root:Summarizing chunk 9/187
ERROR:root:Error summarizing chunk 9: index out of range in self
INFO:root:Summarizing chunk 10/187
ERROR:root:Error summarizing chunk 10: index out of range in self
INFO:root:Summarizing chunk 11/187
ERROR:root:Error summarizing chunk 11: index out of range in self
INFO:root:Summarizing chunk 12/187
ERROR:root:Error summarizing chunk 12: index out of range in self
INFO:root:Summarizing chunk 13/187
ERROR:root:Error summarizing chunk 13: index out of range in self
INFO:root:Summarizing chunk 14/187
ERROR:root:Error summarizing chunk 14: index out of range in self
INFO:root:Summarizing chunk 15/187
ERROR:root:Error summarizing chunk 15: index out of range in self
INFO:root:Summarizing chunk 16/187
ERROR:root:Error summarizing chunk 16: index out of range in self
INFO:root:Summarizing chunk 17/187
ERROR:root:Error summarizing chunk 17: index out of range in self
INFO:root:Summarizing chunk 18/187
ERROR:root:Error summarizing chunk 18: index out of range in self
INFO:root:Summarizing chunk 19/187
ERROR:root:Error summarizing chunk 19: index out of range in self
INFO:root:Summarizing chunk 20/187
ERROR:root:Error summarizing chunk 20: index out of range in self
INFO:root:Summarizing chunk 21/187
ERROR:root:Error summarizing chunk 21: index out of range in self
INFO:root:Summarizing chunk 22/187
ERROR:root:Error summarizing chunk 22: index out of range in self
INFO:root:Summarizing chunk 23/187
ERROR:root:Error summarizing chunk 23: index out of range in self
INFO:root:Summarizing chunk 24/187
ERROR:root:Error summarizing chunk 24: index out of range in self
INFO:root:Summarizing chunk 25/187
ERROR:root:Error summarizing chunk 25: index out of range in self
INFO:root:Summarizing chunk 26/187
ERROR:root:Error summarizing chunk 26: index out of range in self
INFO:root:Summarizing chunk 27/187
ERROR:root:Error summarizing chunk 27: index out of range in self
INFO:root:Summarizing chunk 28/187
ERROR:root:Error summarizing chunk 28: index out of range in self
INFO:root:Summarizing chunk 29/187
ERROR:root:Error summarizing chunk 29: index out of range in self
INFO:root:Summarizing chunk 30/187
ERROR:root:Error summarizing chunk 30: index out of range in self
INFO:root:Summarizing chunk 31/187
ERROR:root:Error summarizing chunk 31: index out of range in self
INFO:root:Summarizing chunk 32/187
ERROR:root:Error summarizing chunk 32: index out of range in self
INFO:root:Summarizing chunk 33/187
ERROR:root:Error summarizing chunk 33: index out of range in self
INFO:root:Summarizing chunk 34/187
ERROR:root:Error summarizing chunk 34: index out of range in self
INFO:root:Summarizing chunk 35/187
ERROR:root:Error summarizing chunk 35: index out of range in self
INFO:root:Summarizing chunk 36/187
ERROR:root:Error summarizing chunk 36: index out of range in self
INFO:root:Summarizing chunk 37/187
ERROR:root:Error summarizing chunk 37: index out of range in self
INFO:root:Summarizing chunk 38/187
ERROR:root:Error summarizing chunk 38: index out of range in self
INFO:root:Summarizing chunk 39/187
ERROR:root:Error summarizing chunk 39: index out of range in self
INFO:root:Summarizing chunk 40/187
ERROR:root:Error summarizing chunk 40: index out of range in self
INFO:root:Summarizing chunk 41/187
ERROR:root:Error summarizing chunk 41: index out of range in self
INFO:root:Summarizing chunk 42/187
ERROR:root:Error summarizing chunk 42: index out of range in self
INFO:root:Summarizing chunk 43/187
ERROR:root:Error summarizing chunk 43: index out of range in self
INFO:root:Summarizing chunk 44/187
INFO:root:Summarizing chunk 45/187
ERROR:root:Error summarizing chunk 45: index out of range in self
INFO:root:Summarizing chunk 46/187
INFO:root:Summarizing chunk 47/187
ERROR:root:Error summarizing chunk 47: index out of range in self
INFO:root:Summarizing chunk 48/187
INFO:root:Summarizing chunk 49/187
INFO:root:Summarizing chunk 50/187
ERROR:root:Error summarizing chunk 50: index out of range in self
INFO:root:Summarizing chunk 51/187
INFO:root:Summarizing chunk 52/187
ERROR:root:Error summarizing chunk 52: index out of range in self
INFO:root:Summarizing chunk 53/187
ERROR:root:Error summarizing chunk 53: index out of range in self
INFO:root:Summarizing chunk 54/187
ERROR:root:Error summarizing chunk 54: index out of range in self
INFO:root:Summarizing chunk 55/187
ERROR:root:Error summarizing chunk 55: index out of range in self
INFO:root:Summarizing chunk 56/187
ERROR:root:Error summarizing chunk 56: index out of range in self
INFO:root:Summarizing chunk 57/187
ERROR:root:Error summarizing chunk 57: index out of range in self
INFO:root:Summarizing chunk 58/187
INFO:root:Summarizing chunk 59/187
INFO:root:Summarizing chunk 60/187
ERROR:root:Error summarizing chunk 60: index out of range in self
INFO:root:Summarizing chunk 61/187
ERROR:root:Error summarizing chunk 61: index out of range in self
INFO:root:Summarizing chunk 62/187
ERROR:root:Error summarizing chunk 62: index out of range in self
INFO:root:Summarizing chunk 63/187
ERROR:root:Error summarizing chunk 63: index out of range in self
INFO:root:Summarizing chunk 64/187
INFO:root:Summarizing chunk 65/187
INFO:root:Summarizing chunk 66/187
ERROR:root:Error summarizing chunk 66: index out of range in self
INFO:root:Summarizing chunk 67/187
INFO:root:Summarizing chunk 68/187
INFO:root:Summarizing chunk 69/187
INFO:root:Summarizing chunk 70/187
ERROR:root:Error summarizing chunk 70: index out of range in self
INFO:root:Summarizing chunk 71/187
INFO:root:Summarizing chunk 72/187
ERROR:root:Error summarizing chunk 72: index out of range in self
INFO:root:Summarizing chunk 73/187
ERROR:root:Error summarizing chunk 73: index out of range in self
INFO:root:Summarizing chunk 74/187
ERROR:root:Error summarizing chunk 74: index out of range in self
INFO:root:Summarizing chunk 75/187
ERROR:root:Error summarizing chunk 75: index out of range in self
INFO:root:Summarizing chunk 76/187
ERROR:root:Error summarizing chunk 76: index out of range in self
INFO:root:Summarizing chunk 77/187
ERROR:root:Error summarizing chunk 77: index out of range in self
INFO:root:Summarizing chunk 78/187
ERROR:root:Error summarizing chunk 78: index out of range in self
INFO:root:Summarizing chunk 79/187
ERROR:root:Error summarizing chunk 79: index out of range in self
INFO:root:Summarizing chunk 80/187
ERROR:root:Error summarizing chunk 80: index out of range in self
INFO:root:Summarizing chunk 81/187
ERROR:root:Error summarizing chunk 81: index out of range in self
INFO:root:Summarizing chunk 82/187
ERROR:root:Error summarizing chunk 82: index out of range in self
INFO:root:Summarizing chunk 83/187
ERROR:root:Error summarizing chunk 83: index out of range in self
INFO:root:Summarizing chunk 84/187
ERROR:root:Error summarizing chunk 84: index out of range in self
INFO:root:Summarizing chunk 85/187
ERROR:root:Error summarizing chunk 85: index out of range in self
INFO:root:Summarizing chunk 86/187
ERROR:root:Error summarizing chunk 86: index out of range in self
INFO:root:Summarizing chunk 87/187
ERROR:root:Error summarizing chunk 87: index out of range in self
INFO:root:Summarizing chunk 88/187
INFO:root:Summarizing chunk 89/187
ERROR:root:Error summarizing chunk 89: index out of range in self
INFO:root:Summarizing chunk 90/187
ERROR:root:Error summarizing chunk 90: index out of range in self
INFO:root:Summarizing chunk 91/187
ERROR:root:Error summarizing chunk 91: index out of range in self
INFO:root:Summarizing chunk 92/187
ERROR:root:Error summarizing chunk 92: index out of range in self
INFO:root:Summarizing chunk 93/187
ERROR:root:Error summarizing chunk 93: index out of range in self
INFO:root:Summarizing chunk 94/187
ERROR:root:Error summarizing chunk 94: index out of range in self
INFO:root:Summarizing chunk 95/187
ERROR:root:Error summarizing chunk 95: index out of range in self
INFO:root:Summarizing chunk 96/187
ERROR:root:Error summarizing chunk 96: index out of range in self
INFO:root:Summarizing chunk 97/187
ERROR:root:Error summarizing chunk 97: index out of range in self
INFO:root:Summarizing chunk 98/187
ERROR:root:Error summarizing chunk 98: index out of range in self
INFO:root:Summarizing chunk 99/187
ERROR:root:Error summarizing chunk 99: index out of range in self
INFO:root:Summarizing chunk 100/187
ERROR:root:Error summarizing chunk 100: index out of range in self
INFO:root:Summarizing chunk 101/187
ERROR:root:Error summarizing chunk 101: index out of range in self
INFO:root:Summarizing chunk 102/187
INFO:root:Summarizing chunk 103/187
ERROR:root:Error summarizing chunk 103: index out of range in self
INFO:root:Summarizing chunk 104/187
ERROR:root:Error summarizing chunk 104: index out of range in self
INFO:root:Summarizing chunk 105/187
ERROR:root:Error summarizing chunk 105: index out of range in self
INFO:root:Summarizing chunk 106/187
ERROR:root:Error summarizing chunk 106: index out of range in self
INFO:root:Summarizing chunk 107/187
INFO:root:Summarizing chunk 108/187
ERROR:root:Error summarizing chunk 108: index out of range in self
INFO:root:Summarizing chunk 109/187
ERROR:root:Error summarizing chunk 109: index out of range in self
INFO:root:Summarizing chunk 110/187
ERROR:root:Error summarizing chunk 110: index out of range in self
INFO:root:Summarizing chunk 111/187
ERROR:root:Error summarizing chunk 111: index out of range in self
INFO:root:Summarizing chunk 112/187
ERROR:root:Error summarizing chunk 112: index out of range in self
INFO:root:Summarizing chunk 113/187
ERROR:root:Error summarizing chunk 113: index out of range in self
INFO:root:Summarizing chunk 114/187
ERROR:root:Error summarizing chunk 114: index out of range in self
INFO:root:Summarizing chunk 115/187
ERROR:root:Error summarizing chunk 115: index out of range in self
INFO:root:Summarizing chunk 116/187
ERROR:root:Error summarizing chunk 116: index out of range in self
INFO:root:Summarizing chunk 117/187
ERROR:root:Error summarizing chunk 117: index out of range in self
INFO:root:Summarizing chunk 118/187
ERROR:root:Error summarizing chunk 118: index out of range in self
INFO:root:Summarizing chunk 119/187
ERROR:root:Error summarizing chunk 119: index out of range in self
INFO:root:Summarizing chunk 120/187
ERROR:root:Error summarizing chunk 120: index out of range in self
INFO:root:Summarizing chunk 121/187
ERROR:root:Error summarizing chunk 121: index out of range in self
INFO:root:Summarizing chunk 122/187
ERROR:root:Error summarizing chunk 122: index out of range in self
INFO:root:Summarizing chunk 123/187
ERROR:root:Error summarizing chunk 123: index out of range in self
INFO:root:Summarizing chunk 124/187
ERROR:root:Error summarizing chunk 124: index out of range in self
INFO:root:Summarizing chunk 125/187
ERROR:root:Error summarizing chunk 125: index out of range in self
INFO:root:Summarizing chunk 126/187
ERROR:root:Error summarizing chunk 126: index out of range in self
INFO:root:Summarizing chunk 127/187
ERROR:root:Error summarizing chunk 127: index out of range in self
INFO:root:Summarizing chunk 128/187
ERROR:root:Error summarizing chunk 128: index out of range in self
INFO:root:Summarizing chunk 129/187
ERROR:root:Error summarizing chunk 129: index out of range in self
INFO:root:Summarizing chunk 130/187
ERROR:root:Error summarizing chunk 130: index out of range in self
INFO:root:Summarizing chunk 131/187
ERROR:root:Error summarizing chunk 131: index out of range in self
INFO:root:Summarizing chunk 132/187
ERROR:root:Error summarizing chunk 132: index out of range in self
INFO:root:Summarizing chunk 133/187
ERROR:root:Error summarizing chunk 133: index out of range in self
INFO:root:Summarizing chunk 134/187
ERROR:root:Error summarizing chunk 134: index out of range in self
INFO:root:Summarizing chunk 135/187
ERROR:root:Error summarizing chunk 135: index out of range in self
INFO:root:Summarizing chunk 136/187
ERROR:root:Error summarizing chunk 136: index out of range in self
INFO:root:Summarizing chunk 137/187
ERROR:root:Error summarizing chunk 137: index out of range in self
INFO:root:Summarizing chunk 138/187
ERROR:root:Error summarizing chunk 138: index out of range in self
INFO:root:Summarizing chunk 139/187
ERROR:root:Error summarizing chunk 139: index out of range in self
INFO:root:Summarizing chunk 140/187
ERROR:root:Error summarizing chunk 140: index out of range in self
INFO:root:Summarizing chunk 141/187
ERROR:root:Error summarizing chunk 141: index out of range in self
INFO:root:Summarizing chunk 142/187
ERROR:root:Error summarizing chunk 142: index out of range in self
INFO:root:Summarizing chunk 143/187
ERROR:root:Error summarizing chunk 143: index out of range in self
INFO:root:Summarizing chunk 144/187
ERROR:root:Error summarizing chunk 144: index out of range in self
INFO:root:Summarizing chunk 145/187
ERROR:root:Error summarizing chunk 145: index out of range in self
INFO:root:Summarizing chunk 146/187
ERROR:root:Error summarizing chunk 146: index out of range in self
INFO:root:Summarizing chunk 147/187
ERROR:root:Error summarizing chunk 147: index out of range in self
INFO:root:Summarizing chunk 148/187
ERROR:root:Error summarizing chunk 148: index out of range in self
INFO:root:Summarizing chunk 149/187
ERROR:root:Error summarizing chunk 149: index out of range in self
INFO:root:Summarizing chunk 150/187
ERROR:root:Error summarizing chunk 150: index out of range in self
INFO:root:Summarizing chunk 151/187
ERROR:root:Error summarizing chunk 151: index out of range in self
INFO:root:Summarizing chunk 152/187
ERROR:root:Error summarizing chunk 152: index out of range in self
INFO:root:Summarizing chunk 153/187
ERROR:root:Error summarizing chunk 153: index out of range in self
INFO:root:Summarizing chunk 154/187
ERROR:root:Error summarizing chunk 154: index out of range in self
INFO:root:Summarizing chunk 155/187
ERROR:root:Error summarizing chunk 155: index out of range in self
INFO:root:Summarizing chunk 156/187
ERROR:root:Error summarizing chunk 156: index out of range in self
INFO:root:Summarizing chunk 157/187
ERROR:root:Error summarizing chunk 157: index out of range in self
INFO:root:Summarizing chunk 158/187
ERROR:root:Error summarizing chunk 158: index out of range in self
INFO:root:Summarizing chunk 159/187
ERROR:root:Error summarizing chunk 159: index out of range in self
INFO:root:Summarizing chunk 160/187
ERROR:root:Error summarizing chunk 160: index out of range in self
INFO:root:Summarizing chunk 161/187
ERROR:root:Error summarizing chunk 161: index out of range in self
INFO:root:Summarizing chunk 162/187
ERROR:root:Error summarizing chunk 162: index out of range in self
INFO:root:Summarizing chunk 163/187
ERROR:root:Error summarizing chunk 163: index out of range in self
INFO:root:Summarizing chunk 164/187
ERROR:root:Error summarizing chunk 164: index out of range in self
INFO:root:Summarizing chunk 165/187
ERROR:root:Error summarizing chunk 165: index out of range in self
INFO:root:Summarizing chunk 166/187
ERROR:root:Error summarizing chunk 166: index out of range in self
INFO:root:Summarizing chunk 167/187
ERROR:root:Error summarizing chunk 167: index out of range in self
INFO:root:Summarizing chunk 168/187
ERROR:root:Error summarizing chunk 168: index out of range in self
INFO:root:Summarizing chunk 169/187
ERROR:root:Error summarizing chunk 169: index out of range in self
INFO:root:Summarizing chunk 170/187
ERROR:root:Error summarizing chunk 170: index out of range in self
INFO:root:Summarizing chunk 171/187
ERROR:root:Error summarizing chunk 171: index out of range in self
INFO:root:Summarizing chunk 172/187
ERROR:root:Error summarizing chunk 172: index out of range in self
INFO:root:Summarizing chunk 173/187
ERROR:root:Error summarizing chunk 173: index out of range in self
INFO:root:Summarizing chunk 174/187
ERROR:root:Error summarizing chunk 174: index out of range in self
INFO:root:Summarizing chunk 175/187
ERROR:root:Error summarizing chunk 175: index out of range in self
INFO:root:Summarizing chunk 176/187
INFO:root:Summarizing chunk 177/187
ERROR:root:Error summarizing chunk 177: index out of range in self
INFO:root:Summarizing chunk 178/187
ERROR:root:Error summarizing chunk 178: index out of range in self
INFO:root:Summarizing chunk 179/187
ERROR:root:Error summarizing chunk 179: index out of range in self
INFO:root:Summarizing chunk 180/187
ERROR:root:Error summarizing chunk 180: index out of range in self
INFO:root:Summarizing chunk 181/187
ERROR:root:Error summarizing chunk 181: index out of range in self
INFO:root:Summarizing chunk 182/187
ERROR:root:Error summarizing chunk 182: index out of range in self
INFO:root:Summarizing chunk 183/187
ERROR:root:Error summarizing chunk 183: index out of range in self
INFO:root:Summarizing chunk 184/187
ERROR:root:Error summarizing chunk 184: index out of range in self
INFO:root:Summarizing chunk 185/187
ERROR:root:Error summarizing chunk 185: index out of range in self
INFO:root:Summarizing chunk 186/187
ERROR:root:Error summarizing chunk 186: index out of range in self
INFO:root:Summarizing chunk 187/187
INFO:root:Summary saved to outputs/summary.txt
INFO:root:Starting RAG performance measurement
INFO:root:RAG query 'What is Dr. X's contribution?' processed in 5.72 sec
INFO:root:RAG query 'Summarize Dr. X's research topics.' processed in 23.29 sec
INFO:root:RAG query 'What datasets did Dr. X use?' processed in 21.71 sec
INFO:root:RAG query 'Explain Dr. X's methodology.' processed in 18.30 sec
INFO:root:Starting translation performance measurement
INFO:root:Translation chunk 1 processed: 38982.58 tokens/sec
INFO:root:Translation chunk 2 processed: 477.08 tokens/sec
INFO:root:Translation chunk 3 processed: 43525.30 tokens/sec
INFO:root:Translation chunk 4 processed: 211.76 tokens/sec
INFO:root:Translation chunk 5 processed: 98.91 tokens/sec
INFO:root:Plots saved to outputs/performance_plots.png
INFO:root:Skipping chunk 1 from unknown: no Dr. X or research content
INFO:root:Including chunk 2 from unknown: Dr. X or research-related
INFO:root:Skipping chunk 3 from unknown: no Dr. X or research content
INFO:root:Including chunk 4 from unknown: Dr. X or research-related
INFO:root:Skipping chunk 5 from unknown: no Dr. X or research content
INFO:root:Skipping chunk 6 from unknown: no Dr. X or research content
INFO:root:Skipping chunk 7 from unknown: no Dr. X or research content
INFO:root:Skipping chunk 8 from unknown: no Dr. X or research content
INFO:root:Skipping chunk 9 from unknown: no Dr. X or research content
INFO:root:Skipping chunk 10 from unknown: no Dr. X or research content
INFO:root:Skipping chunk 11 from unknown: no Dr. X or research content
INFO:root:Skipping chunk 12 from unknown: no Dr. X or research content
INFO:root:Skipping chunk 13 from unknown: no Dr. X or research content
INFO:root:Skipping chunk 14 from unknown: no Dr. X or research content
INFO:root:Skipping chunk 15 from unknown: no Dr. X or research content
INFO:root:Skipping chunk 16 from unknown: no Dr. X or research content
INFO:root:Skipping chunk 17 from unknown: no Dr. X or research content
INFO:root:Including chunk 18 from unknown: Dr. X or research-related
INFO:root:Including chunk 19 from unknown: Dr. X or research-related
INFO:root:Including chunk 20 from unknown: Dr. X or research-related
INFO:root:Including chunk 21 from unknown: Dr. X or research-related
INFO:root:Including chunk 22 from unknown: Dr. X or research-related
INFO:root:Including chunk 23 from unknown: Dr. X or research-related
INFO:root:Skipping chunk 24 from unknown: no Dr. X or research content
INFO:root:Skipping chunk 25 from unknown: no Dr. X or research content
INFO:root:Skipping chunk 26 from unknown: no Dr. X or research content
INFO:root:Skipping chunk 27 from unknown: no Dr. X or research content
INFO:root:Skipping chunk 28 from unknown: no Dr. X or research content
INFO:root:Including chunk 29 from unknown: Dr. X or research-related
INFO:root:Including chunk 30 from unknown: Dr. X or research-related
INFO:root:Skipping chunk 31 from unknown: no Dr. X or research content
INFO:root:Skipping chunk 32 from unknown: no Dr. X or research content
INFO:root:Including chunk 33 from unknown: Dr. X or research-related
INFO:root:Including chunk 34 from unknown: Dr. X or research-related
INFO:root:Including chunk 35 from unknown: Dr. X or research-related
INFO:root:Skipping chunk 36 from unknown: no Dr. X or research content
INFO:root:Skipping chunk 37 from unknown: no Dr. X or research content
INFO:root:Including chunk 38 from unknown: Dr. X or research-related
INFO:root:Including chunk 39 from unknown: Dr. X or research-related
INFO:root:Including chunk 40 from unknown: Dr. X or research-related
INFO:root:Skipping chunk 41 from unknown: no Dr. X or research content
INFO:root:Skipping chunk 42 from unknown: no Dr. X or research content
INFO:root:Skipping chunk 43 from unknown: no Dr. X or research content
INFO:root:Including chunk 44 from unknown: Dr. X or research-related
INFO:root:Skipping chunk 45 from unknown: no Dr. X or research content
INFO:root:Skipping chunk 46 from unknown: no Dr. X or research content
INFO:root:Skipping chunk 47 from unknown: no Dr. X or research content
INFO:root:Skipping chunk 48 from unknown: no Dr. X or research content
INFO:root:Skipping chunk 49 from unknown: no Dr. X or research content
INFO:root:Skipping chunk 50 from unknown: no Dr. X or research content
INFO:root:Skipping chunk 51 from unknown: no Dr. X or research content
INFO:root:Skipping chunk 52 from unknown: no Dr. X or research content
INFO:root:Skipping chunk 53 from unknown: no Dr. X or research content
INFO:root:Skipping chunk 54 from unknown: no Dr. X or research content
INFO:root:Skipping chunk 55 from unknown: no Dr. X or research content
INFO:root:Skipping chunk 56 from unknown: no Dr. X or research content
INFO:root:Skipping chunk 57 from unknown: no Dr. X or research content
INFO:root:Skipping chunk 58 from unknown: no Dr. X or research content
INFO:root:Including chunk 59 from unknown: Dr. X or research-related
INFO:root:Skipping chunk 60 from unknown: no Dr. X or research content
INFO:root:Including chunk 61 from unknown: Dr. X or research-related
INFO:root:Including chunk 62 from unknown: Dr. X or research-related
INFO:root:Including chunk 63 from unknown: Dr. X or research-related
INFO:root:Including chunk 64 from unknown: Dr. X or research-related
INFO:root:Including chunk 65 from unknown: Dr. X or research-related
INFO:root:Skipping chunk 66 from unknown: no Dr. X or research content
INFO:root:Skipping chunk 67 from unknown: no Dr. X or research content
INFO:root:Skipping chunk 68 from unknown: no Dr. X or research content
INFO:root:Skipping chunk 69 from unknown: no Dr. X or research content
INFO:root:Including chunk 70 from unknown: Dr. X or research-related
INFO:root:Including chunk 71 from unknown: Dr. X or research-related
INFO:root:Skipping chunk 72 from unknown: no Dr. X or research content
INFO:root:Skipping chunk 73 from unknown: no Dr. X or research content
INFO:root:Skipping chunk 74 from unknown: no Dr. X or research content
INFO:root:Including chunk 75 from unknown: Dr. X or research-related
INFO:root:Skipping chunk 76 from unknown: no Dr. X or research content
INFO:root:Skipping chunk 77 from unknown: no Dr. X or research content
INFO:root:Skipping chunk 78 from unknown: no Dr. X or research content
INFO:root:Including chunk 79 from unknown: Dr. X or research-related
INFO:root:Including chunk 80 from unknown: Dr. X or research-related
INFO:root:Including chunk 81 from unknown: Dr. X or research-related
INFO:root:Including chunk 82 from unknown: Dr. X or research-related
INFO:root:Including chunk 83 from unknown: Dr. X or research-related
INFO:root:Skipping chunk 84 from unknown: no Dr. X or research content
INFO:root:Skipping chunk 85 from unknown: no Dr. X or research content
INFO:root:Including chunk 86 from unknown: Dr. X or research-related
INFO:root:Skipping chunk 87 from unknown: no Dr. X or research content
INFO:root:Skipping chunk 88 from unknown: no Dr. X or research content
INFO:root:Skipping chunk 89 from unknown: no Dr. X or research content
INFO:root:Including chunk 90 from unknown: Dr. X or research-related
INFO:root:Skipping chunk 91 from unknown: no Dr. X or research content
INFO:root:Skipping chunk 92 from unknown: no Dr. X or research content
INFO:root:Skipping chunk 93 from unknown: no Dr. X or research content
INFO:root:Skipping chunk 94 from unknown: no Dr. X or research content
INFO:root:Skipping chunk 95 from unknown: no Dr. X or research content
INFO:root:Skipping chunk 96 from unknown: no Dr. X or research content
INFO:root:Including chunk 97 from unknown: Dr. X or research-related
INFO:root:Skipping chunk 98 from unknown: no Dr. X or research content
INFO:root:Including chunk 99 from unknown: Dr. X or research-related
INFO:root:Including chunk 100 from unknown: Dr. X or research-related
INFO:root:Skipping chunk 101 from unknown: no Dr. X or research content
INFO:root:Skipping chunk 102 from unknown: no Dr. X or research content
INFO:root:Skipping chunk 103 from unknown: no Dr. X or research content
INFO:root:Skipping chunk 104 from unknown: no Dr. X or research content
INFO:root:Skipping chunk 105 from unknown: no Dr. X or research content
INFO:root:Skipping chunk 106 from unknown: no Dr. X or research content
INFO:root:Skipping chunk 107 from unknown: no Dr. X or research content
INFO:root:Skipping chunk 108 from unknown: no Dr. X or research content
INFO:root:Skipping chunk 109 from unknown: no Dr. X or research content
INFO:root:Skipping chunk 110 from unknown: no Dr. X or research content
INFO:root:Skipping chunk 111 from unknown: no Dr. X or research content
INFO:root:Skipping chunk 112 from unknown: no Dr. X or research content
INFO:root:Skipping chunk 113 from unknown: no Dr. X or research content
INFO:root:Skipping chunk 114 from unknown: no Dr. X or research content
INFO:root:Skipping chunk 115 from unknown: no Dr. X or research content
INFO:root:Skipping chunk 116 from unknown: no Dr. X or research content
INFO:root:Skipping chunk 117 from unknown: no Dr. X or research content
INFO:root:Skipping chunk 118 from unknown: no Dr. X or research content
INFO:root:Skipping chunk 119 from unknown: no Dr. X or research content
INFO:root:Skipping chunk 120 from unknown: no Dr. X or research content
INFO:root:Skipping chunk 121 from unknown: no Dr. X or research content
INFO:root:Skipping chunk 122 from unknown: no Dr. X or research content
INFO:root:Skipping chunk 123 from unknown: no Dr. X or research content
INFO:root:Skipping chunk 124 from unknown: no Dr. X or research content
INFO:root:Skipping chunk 125 from unknown: no Dr. X or research content
INFO:root:Skipping chunk 126 from unknown: no Dr. X or research content
INFO:root:Including chunk 127 from unknown: Dr. X or research-related
INFO:root:Skipping chunk 128 from unknown: no Dr. X or research content
INFO:root:Skipping chunk 129 from unknown: no Dr. X or research content
INFO:root:Skipping chunk 130 from unknown: no Dr. X or research content
INFO:root:Skipping chunk 131 from unknown: no Dr. X or research content
INFO:root:Skipping chunk 132 from unknown: no Dr. X or research content
INFO:root:Including chunk 133 from unknown: Dr. X or research-related
INFO:root:Skipping chunk 134 from unknown: no Dr. X or research content
INFO:root:Skipping chunk 135 from unknown: no Dr. X or research content
INFO:root:Skipping chunk 136 from unknown: no Dr. X or research content
INFO:root:Skipping chunk 137 from unknown: no Dr. X or research content
INFO:root:Skipping chunk 138 from unknown: no Dr. X or research content
INFO:root:Skipping chunk 139 from unknown: no Dr. X or research content
INFO:root:Skipping chunk 140 from unknown: no Dr. X or research content
INFO:root:Skipping chunk 141 from unknown: no Dr. X or research content
INFO:root:Skipping chunk 142 from unknown: no Dr. X or research content
INFO:root:Skipping chunk 143 from unknown: no Dr. X or research content
INFO:root:Skipping chunk 144 from unknown: no Dr. X or research content
INFO:root:Skipping chunk 145 from unknown: no Dr. X or research content
INFO:root:Including chunk 146 from unknown: Dr. X or research-related
INFO:root:Skipping chunk 147 from unknown: no Dr. X or research content
INFO:root:Skipping chunk 148 from unknown: no Dr. X or research content
INFO:root:Skipping chunk 149 from unknown: no Dr. X or research content
INFO:root:Skipping chunk 150 from unknown: no Dr. X or research content
INFO:root:Skipping chunk 151 from unknown: no Dr. X or research content
INFO:root:Skipping chunk 152 from unknown: no Dr. X or research content
INFO:root:Including chunk 153 from unknown: Dr. X or research-related
INFO:root:Including chunk 154 from unknown: Dr. X or research-related
INFO:root:Skipping chunk 155 from unknown: no Dr. X or research content
INFO:root:Skipping chunk 156 from unknown: no Dr. X or research content
INFO:root:Including chunk 157 from unknown: Dr. X or research-related
INFO:root:Including chunk 158 from unknown: Dr. X or research-related
INFO:root:Including chunk 159 from unknown: Dr. X or research-related
INFO:root:Skipping chunk 160 from unknown: no Dr. X or research content
INFO:root:Skipping chunk 161 from unknown: no Dr. X or research content
INFO:root:Including chunk 162 from unknown: Dr. X or research-related
INFO:root:Including chunk 163 from unknown: Dr. X or research-related
INFO:root:Skipping chunk 164 from unknown: no Dr. X or research content
INFO:root:Including chunk 165 from unknown: Dr. X or research-related
INFO:root:Including chunk 166 from unknown: Dr. X or research-related
INFO:root:Including chunk 167 from unknown: Dr. X or research-related
INFO:root:Including chunk 168 from unknown: Dr. X or research-related
INFO:root:Skipping chunk 169 from unknown: no Dr. X or research content
INFO:root:Including chunk 170 from unknown: Dr. X or research-related
INFO:root:Skipping chunk 171 from unknown: no Dr. X or research content
INFO:root:Including chunk 172 from unknown: Dr. X or research-related
INFO:root:Including chunk 173 from unknown: Dr. X or research-related
INFO:root:Including chunk 174 from unknown: Dr. X or research-related
INFO:root:Skipping chunk 175 from unknown: no Dr. X or research content
INFO:root:Skipping chunk 176 from unknown: no Dr. X or research content
INFO:root:Including chunk 177 from unknown: Dr. X or research-related
INFO:root:Including chunk 178 from unknown: Dr. X or research-related
INFO:root:Including chunk 179 from unknown: Dr. X or research-related
INFO:root:Including chunk 180 from unknown: Dr. X or research-related
INFO:root:Skipping chunk 181 from unknown: no Dr. X or research content
INFO:root:Skipping chunk 182 from unknown: no Dr. X or research content
INFO:root:Skipping chunk 183 from unknown: no Dr. X or research content
INFO:root:Including chunk 184 from unknown: Dr. X or research-related
INFO:root:Skipping chunk 185 from unknown: no Dr. X or research content
INFO:root:Including chunk 186 from unknown: Dr. X or research-related
INFO:root:Including chunk 187 from unknown: Dr. X or research-related
INFO:root:Skipping chunk 188 from unknown: no Dr. X or research content
INFO:root:Including chunk 189 from unknown: Dr. X or research-related
INFO:root:Including chunk 190 from unknown: Dr. X or research-related
INFO:root:Skipping chunk 191 from unknown: no Dr. X or research content
INFO:root:Including chunk 192 from unknown: Dr. X or research-related
INFO:root:Skipping chunk 193 from unknown: no Dr. X or research content
INFO:root:Skipping chunk 194 from unknown: no Dr. X or research content
INFO:root:Including chunk 195 from unknown: Dr. X or research-related
INFO:root:Including chunk 196 from unknown: Dr. X or research-related
INFO:root:Skipping chunk 197 from unknown: no Dr. X or research content
INFO:root:Including chunk 198 from unknown: Dr. X or research-related
INFO:root:Including chunk 199 from unknown: Dr. X or research-related
INFO:root:Including chunk 200 from unknown: Dr. X or research-related
INFO:root:Including chunk 201 from unknown: Dr. X or research-related
INFO:root:Including chunk 202 from unknown: Dr. X or research-related
INFO:root:Including chunk 203 from unknown: Dr. X or research-related
INFO:root:Skipping chunk 204 from unknown: no Dr. X or research content
INFO:root:Skipping chunk 205 from unknown: no Dr. X or research content
INFO:root:Including chunk 206 from unknown: Dr. X or research-related
INFO:root:Including chunk 207 from unknown: Dr. X or research-related
INFO:root:Including chunk 208 from unknown: Dr. X or research-related
INFO:root:Skipping chunk 209 from unknown: no Dr. X or research content
INFO:root:Skipping chunk 210 from unknown: no Dr. X or research content
INFO:root:Including chunk 211 from unknown: Dr. X or research-related
INFO:root:Including chunk 212 from unknown: Dr. X or research-related
INFO:root:Including chunk 213 from unknown: Dr. X or research-related
INFO:root:Skipping chunk 214 from unknown: no Dr. X or research content
INFO:root:Skipping chunk 215 from unknown: no Dr. X or research content
INFO:root:Skipping chunk 216 from unknown: no Dr. X or research content
INFO:root:Skipping chunk 217 from unknown: no Dr. X or research content
INFO:root:Skipping chunk 218 from unknown: no Dr. X or research content
INFO:root:Skipping chunk 219 from unknown: no Dr. X or research content
INFO:root:Skipping chunk 220 from unknown: no Dr. X or research content
INFO:root:Skipping chunk 221 from unknown: no Dr. X or research content
INFO:root:Skipping chunk 222 from unknown: no Dr. X or research content
INFO:root:Skipping chunk 223 from unknown: no Dr. X or research content
INFO:root:Skipping chunk 224 from unknown: no Dr. X or research content
INFO:root:Including chunk 225 from unknown: Dr. X or research-related
INFO:root:Skipping chunk 226 from unknown: no Dr. X or research content
INFO:root:Skipping chunk 227 from unknown: no Dr. X or research content
INFO:root:Skipping chunk 228 from unknown: no Dr. X or research content
INFO:root:Skipping chunk 229 from unknown: no Dr. X or research content
INFO:root:Skipping chunk 230 from unknown: no Dr. X or research content
INFO:root:Skipping chunk 231 from unknown: no Dr. X or research content
INFO:root:Skipping chunk 232 from unknown: no Dr. X or research content
INFO:root:Skipping chunk 233 from unknown: no Dr. X or research content
INFO:root:Skipping chunk 234 from unknown: no Dr. X or research content
INFO:root:Skipping chunk 235 from unknown: no Dr. X or research content
INFO:root:Skipping chunk 236 from unknown: no Dr. X or research content
INFO:root:Skipping chunk 237 from unknown: no Dr. X or research content
INFO:root:Skipping chunk 238 from unknown: no Dr. X or research content
INFO:root:Skipping chunk 239 from unknown: no Dr. X or research content
INFO:root:Skipping chunk 240 from unknown: no Dr. X or research content
INFO:root:Skipping chunk 241 from unknown: no Dr. X or research content
INFO:root:Skipping chunk 242 from unknown: no Dr. X or research content
INFO:root:Skipping chunk 243 from unknown: no Dr. X or research content
INFO:root:Skipping chunk 244 from unknown: no Dr. X or research content
INFO:root:Skipping chunk 245 from unknown: no Dr. X or research content
INFO:root:Skipping chunk 246 from unknown: no Dr. X or research content
INFO:root:Skipping chunk 247 from unknown: no Dr. X or research content
INFO:root:Skipping chunk 248 from unknown: no Dr. X or research content
INFO:root:Skipping chunk 249 from unknown: no Dr. X or research content
INFO:root:Skipping chunk 250 from unknown: no Dr. X or research content
INFO:root:Skipping chunk 251 from unknown: no Dr. X or research content
INFO:root:Skipping chunk 252 from unknown: no Dr. X or research content
INFO:root:Skipping chunk 253 from unknown: no Dr. X or research content
INFO:root:Skipping chunk 254 from unknown: no Dr. X or research content
INFO:root:Skipping chunk 255 from unknown: no Dr. X or research content
INFO:root:Skipping chunk 256 from unknown: no Dr. X or research content
INFO:root:Skipping chunk 257 from unknown: no Dr. X or research content
INFO:root:Skipping chunk 258 from unknown: no Dr. X or research content
INFO:root:Skipping chunk 259 from unknown: no Dr. X or research content
INFO:root:Skipping chunk 260 from unknown: no Dr. X or research content
INFO:root:Skipping chunk 261 from unknown: no Dr. X or research content
INFO:root:Skipping chunk 262 from unknown: no Dr. X or research content
INFO:root:Skipping chunk 263 from unknown: no Dr. X or research content
INFO:root:Skipping chunk 264 from unknown: no Dr. X or research content
INFO:root:Skipping chunk 265 from unknown: no Dr. X or research content
INFO:root:Skipping chunk 266 from unknown: no Dr. X or research content
INFO:root:Skipping chunk 267 from unknown: no Dr. X or research content
INFO:root:Skipping chunk 268 from unknown: no Dr. X or research content
INFO:root:Skipping chunk 269 from unknown: no Dr. X or research content
INFO:root:Skipping chunk 270 from unknown: no Dr. X or research content
INFO:root:Skipping chunk 271 from unknown: no Dr. X or research content
INFO:root:Skipping chunk 272 from unknown: no Dr. X or research content
INFO:root:Skipping chunk 273 from unknown: no Dr. X or research content
INFO:root:Skipping chunk 274 from unknown: no Dr. X or research content
INFO:root:Skipping chunk 275 from unknown: no Dr. X or research content
INFO:root:Skipping chunk 276 from unknown: no Dr. X or research content
INFO:root:Skipping chunk 277 from unknown: no Dr. X or research content
INFO:root:Skipping chunk 278 from unknown: no Dr. X or research content
INFO:root:Skipping chunk 279 from unknown: no Dr. X or research content
INFO:root:Skipping chunk 280 from unknown: no Dr. X or research content
INFO:root:Skipping chunk 281 from unknown: no Dr. X or research content
INFO:root:Skipping chunk 282 from unknown: no Dr. X or research content
INFO:root:Skipping chunk 283 from unknown: no Dr. X or research content
INFO:root:Skipping chunk 284 from unknown: no Dr. X or research content
INFO:root:Skipping chunk 285 from unknown: no Dr. X or research content
INFO:root:Skipping chunk 286 from unknown: no Dr. X or research content
INFO:root:Including chunk 287 from unknown: Dr. X or research-related
INFO:root:Skipping chunk 288 from unknown: no Dr. X or research content
INFO:root:Skipping chunk 289 from unknown: no Dr. X or research content
INFO:root:Skipping chunk 290 from unknown: no Dr. X or research content
INFO:root:Skipping chunk 291 from unknown: no Dr. X or research content
INFO:root:Skipping chunk 292 from unknown: no Dr. X or research content
INFO:root:Skipping chunk 293 from unknown: no Dr. X or research content
INFO:root:Skipping chunk 294 from unknown: no Dr. X or research content
INFO:root:Skipping chunk 295 from unknown: no Dr. X or research content
INFO:root:Skipping chunk 296 from unknown: no Dr. X or research content
INFO:root:Skipping chunk 297 from unknown: no Dr. X or research content
INFO:root:Skipping chunk 298 from unknown: no Dr. X or research content
INFO:root:Skipping chunk 299 from unknown: no Dr. X or research content
INFO:root:Skipping chunk 300 from unknown: no Dr. X or research content
INFO:root:Skipping chunk 301 from unknown: no Dr. X or research content
INFO:root:Skipping chunk 302 from unknown: no Dr. X or research content
INFO:root:Skipping chunk 303 from unknown: no Dr. X or research content
INFO:root:Skipping chunk 304 from unknown: no Dr. X or research content
INFO:root:Skipping chunk 305 from unknown: no Dr. X or research content
INFO:root:Skipping chunk 306 from unknown: no Dr. X or research content
INFO:root:Skipping chunk 307 from unknown: no Dr. X or research content
INFO:root:Skipping chunk 308 from unknown: no Dr. X or research content
INFO:root:Skipping chunk 309 from unknown: no Dr. X or research content
INFO:root:Skipping chunk 310 from unknown: no Dr. X or research content
INFO:root:Skipping chunk 311 from unknown: no Dr. X or research content
INFO:root:Skipping chunk 312 from unknown: no Dr. X or research content
INFO:root:Skipping chunk 313 from unknown: no Dr. X or research content
INFO:root:Skipping chunk 314 from unknown: no Dr. X or research content
INFO:root:Skipping chunk 315 from unknown: no Dr. X or research content
INFO:root:Skipping chunk 316 from unknown: no Dr. X or research content
INFO:root:Skipping chunk 317 from unknown: no Dr. X or research content
INFO:root:Skipping chunk 318 from unknown: no Dr. X or research content
INFO:root:Skipping chunk 319 from unknown: no Dr. X or research content
INFO:root:Skipping chunk 320 from unknown: no Dr. X or research content
INFO:root:Skipping chunk 321 from unknown: no Dr. X or research content
INFO:root:Skipping chunk 322 from unknown: no Dr. X or research content
INFO:root:Skipping chunk 323 from unknown: no Dr. X or research content
INFO:root:Skipping chunk 324 from unknown: no Dr. X or research content
INFO:root:Skipping chunk 325 from unknown: no Dr. X or research content
INFO:root:Skipping chunk 326 from unknown: no Dr. X or research content
INFO:root:Skipping chunk 327 from unknown: no Dr. X or research content
INFO:root:Skipping chunk 328 from unknown: no Dr. X or research content
INFO:root:Skipping chunk 329 from unknown: no Dr. X or research content
INFO:root:Skipping chunk 330 from unknown: no Dr. X or research content
INFO:root:Skipping chunk 331 from unknown: no Dr. X or research content
INFO:root:Skipping chunk 332 from unknown: no Dr. X or research content
INFO:root:Skipping chunk 333 from unknown: no Dr. X or research content
INFO:root:Skipping chunk 334 from unknown: no Dr. X or research content
INFO:root:Skipping chunk 335 from unknown: no Dr. X or research content
INFO:root:Skipping chunk 336 from unknown: no Dr. X or research content
INFO:root:Skipping chunk 337 from unknown: no Dr. X or research content
INFO:root:Skipping chunk 338 from unknown: no Dr. X or research content
INFO:root:Skipping chunk 339 from unknown: no Dr. X or research content
INFO:root:Skipping chunk 340 from unknown: no Dr. X or research content
INFO:root:Skipping chunk 341 from unknown: no Dr. X or research content
INFO:root:Skipping chunk 342 from unknown: no Dr. X or research content
INFO:root:Skipping chunk 343 from unknown: no Dr. X or research content
INFO:root:Skipping chunk 344 from unknown: no Dr. X or research content
INFO:root:Skipping chunk 345 from unknown: no Dr. X or research content
INFO:root:Skipping chunk 346 from unknown: no Dr. X or research content
INFO:root:Skipping chunk 347 from unknown: no Dr. X or research content
INFO:root:Skipping chunk 348 from unknown: no Dr. X or research content
INFO:root:Including chunk 349 from unknown: Dr. X or research-related
INFO:root:Skipping chunk 350 from unknown: no Dr. X or research content
INFO:root:Skipping chunk 351 from unknown: no Dr. X or research content
INFO:root:Skipping chunk 352 from unknown: no Dr. X or research content
INFO:root:Skipping chunk 353 from unknown: no Dr. X or research content
INFO:root:Including chunk 354 from unknown: Dr. X or research-related
INFO:root:Skipping chunk 355 from unknown: no Dr. X or research content
INFO:root:Skipping chunk 356 from unknown: no Dr. X or research content
INFO:root:Skipping chunk 357 from unknown: no Dr. X or research content
INFO:root:Skipping chunk 358 from unknown: no Dr. X or research content
INFO:root:Skipping chunk 359 from unknown: no Dr. X or research content
INFO:root:Skipping chunk 360 from unknown: no Dr. X or research content
INFO:root:Skipping chunk 361 from unknown: no Dr. X or research content
INFO:root:Skipping chunk 362 from unknown: no Dr. X or research content
INFO:root:Skipping chunk 363 from unknown: no Dr. X or research content
INFO:root:Skipping chunk 364 from unknown: no Dr. X or research content
INFO:root:Skipping chunk 365 from unknown: no Dr. X or research content
INFO:root:Skipping chunk 366 from unknown: no Dr. X or research content
INFO:root:Skipping chunk 367 from unknown: no Dr. X or research content
INFO:root:Skipping chunk 368 from unknown: no Dr. X or research content
INFO:root:Skipping chunk 369 from unknown: no Dr. X or research content
INFO:root:Summarizing chunk 1/42
INFO:root:Summarizing chunk 2/42
ERROR:root:Error summarizing chunk 2: index out of range in self
INFO:root:Summarizing chunk 3/42
ERROR:root:Error summarizing chunk 3: index out of range in self
INFO:root:Summarizing chunk 4/42
ERROR:root:Error summarizing chunk 4: index out of range in self
INFO:root:Summarizing chunk 5/42
ERROR:root:Error summarizing chunk 5: index out of range in self
INFO:root:Summarizing chunk 6/42
ERROR:root:Error summarizing chunk 6: index out of range in self
INFO:root:Summarizing chunk 7/42
ERROR:root:Error summarizing chunk 7: index out of range in self
INFO:root:Summarizing chunk 8/42
ERROR:root:Error summarizing chunk 8: index out of range in self
INFO:root:Summarizing chunk 9/42
ERROR:root:Error summarizing chunk 9: index out of range in self
INFO:root:Summarizing chunk 10/42
ERROR:root:Error summarizing chunk 10: index out of range in self
INFO:root:Summarizing chunk 11/42
ERROR:root:Error summarizing chunk 11: index out of range in self
INFO:root:Summarizing chunk 12/42
ERROR:root:Error summarizing chunk 12: index out of range in self
INFO:root:Summarizing chunk 13/42
ERROR:root:Error summarizing chunk 13: index out of range in self
INFO:root:Summarizing chunk 14/42
ERROR:root:Error summarizing chunk 14: index out of range in self
INFO:root:Summarizing chunk 15/42
ERROR:root:Error summarizing chunk 15: index out of range in self
INFO:root:Summarizing chunk 16/42
ERROR:root:Error summarizing chunk 16: index out of range in self
INFO:root:Summarizing chunk 17/42
INFO:root:Summarizing chunk 18/42
ERROR:root:Error summarizing chunk 18: index out of range in self
INFO:root:Summarizing chunk 19/42
ERROR:root:Error summarizing chunk 19: index out of range in self
INFO:root:Summarizing chunk 20/42
INFO:root:Summarizing chunk 21/42
ERROR:root:Error summarizing chunk 21: index out of range in self
INFO:root:Summarizing chunk 22/42
ERROR:root:Error summarizing chunk 22: index out of range in self
INFO:root:Summarizing chunk 23/42
ERROR:root:Error summarizing chunk 23: index out of range in self
INFO:root:Summarizing chunk 24/42
INFO:root:Summarizing chunk 25/42
ERROR:root:Error summarizing chunk 25: index out of range in self
INFO:root:Summarizing chunk 26/42
ERROR:root:Error summarizing chunk 26: index out of range in self
INFO:root:Summarizing chunk 27/42
ERROR:root:Error summarizing chunk 27: index out of range in self
INFO:root:Summarizing chunk 28/42
INFO:root:Summarizing chunk 29/42
ERROR:root:Error summarizing chunk 29: index out of range in self
INFO:root:Summarizing chunk 30/42
ERROR:root:Error summarizing chunk 30: index out of range in self
INFO:root:Summarizing chunk 31/42
ERROR:root:Error summarizing chunk 31: index out of range in self
INFO:root:Summarizing chunk 32/42
ERROR:root:Error summarizing chunk 32: index out of range in self
INFO:root:Summarizing chunk 33/42
ERROR:root:Error summarizing chunk 33: index out of range in self
INFO:root:Summarizing chunk 34/42
INFO:root:Summarizing chunk 35/42
ERROR:root:Error summarizing chunk 35: index out of range in self
INFO:root:Summarizing chunk 36/42
ERROR:root:Error summarizing chunk 36: index out of range in self
INFO:root:Summarizing chunk 37/42
INFO:root:Summarizing chunk 38/42
ERROR:root:Error summarizing chunk 38: index out of range in self
INFO:root:Summarizing chunk 39/42
INFO:root:Summarizing chunk 40/42
ERROR:root:Error summarizing chunk 40: index out of range in self
INFO:root:Summarizing chunk 41/42
ERROR:root:Error summarizing chunk 41: index out of range in self
INFO:root:Summarizing chunk 42/42
ERROR:root:Error summarizing chunk 42: index out of range in self
INFO:root:Summary saved to outputs/summary.txt
